app/build/intermediates/manifest_merge_blame_file/debug/manifest-merger-blame-debug-report.txt
1<?xml version="1.0" encoding="utf-8"?>
2<manifest xmlns:android="http://schemas.android.com/apk/res/android"
3    package="com.rails.purchaseplatform"
4    android:versionCode="1"
5    android:versionName="1.0" >
6
7    <uses-sdk
8        android:minSdkVersion="19"
8-->src/main/AndroidManifest.xml
9        android:targetSdkVersion="30" />
9-->src/main/AndroidManifest.xml
10
11    <application
11-->src/main/AndroidManifest.xml:5:5-24:19
12        android:name="com.rails.purchaseplatform.framwork.BaseApp"
12-->src/main/AndroidManifest.xml:6:9-41
13        android:allowBackup="true"
13-->src/main/AndroidManifest.xml:7:9-35
14        android:appComponentFactory="androidx.core.app.CoreComponentFactory"
14-->[androidx.core:core:1.2.0] AndroidManifest.xml:24:18-86
15        android:debuggable="true"
16        android:icon="@mipmap/ic_launcher"
16-->src/main/AndroidManifest.xml:8:9-43
17        android:label="@string/app_name"
17-->src/main/AndroidManifest.xml:9:9-41
18        android:roundIcon="@mipmap/ic_launcher_round"
18-->src/main/AndroidManifest.xml:10:9-54
19        android:supportsRtl="true"
19-->src/main/AndroidManifest.xml:11:9-35
20        android:testOnly="true"
21        android:theme="@style/Theme.rails" >
21-->src/main/AndroidManifest.xml:12:9-43
22        <activity android:name="com.rails.purchaseplatform.user.ui.activity.LoginActivity" >
22-->src/main/AndroidManifest.xml:13:9-19:20
22-->src/main/AndroidManifest.xml:13:19-65
23            <intent-filter>
23-->src/main/AndroidManifest.xml:14:13-18:29
24                <action android:name="android.intent.action.MAIN" />
24-->src/main/AndroidManifest.xml:15:17-69
24-->src/main/AndroidManifest.xml:15:25-66
25
26                <category android:name="android.intent.category.LAUNCHER" />
26-->src/main/AndroidManifest.xml:17:17-77
26-->src/main/AndroidManifest.xml:17:27-74
27            </intent-filter>
28        </activity>
29        <activity
29-->src/main/AndroidManifest.xml:22:9-23:51
30            android:name="com.rails.purchaseplatform.MainActivity"
30-->src/main/AndroidManifest.xml:22:19-47
31            android:screenOrientation="portrait" />
31-->src/main/AndroidManifest.xml:23:13-49
32
33        <provider
33-->[androidx.lifecycle:lifecycle-process:2.2.0] AndroidManifest.xml:25:9-29:43
34            android:name="androidx.lifecycle.ProcessLifecycleOwnerInitializer"
34-->[androidx.lifecycle:lifecycle-process:2.2.0] AndroidManifest.xml:26:13-79
35            android:authorities="com.rails.purchaseplatform.lifecycle-process"
35-->[androidx.lifecycle:lifecycle-process:2.2.0] AndroidManifest.xml:27:13-69
36            android:exported="false"
36-->[androidx.lifecycle:lifecycle-process:2.2.0] AndroidManifest.xml:28:13-37
37            android:multiprocess="true" />
37-->[androidx.lifecycle:lifecycle-process:2.2.0] AndroidManifest.xml:29:13-40
38
39        <activity
39-->[com.tbruyelle.rxpermissions:rxpermissions:0.7.0] AndroidManifest.xml:11:9-14:75
40            android:name="com.tbruyelle.rxpermissions.ShadowActivity"
40-->[com.tbruyelle.rxpermissions:rxpermissions:0.7.0] AndroidManifest.xml:12:13-70
41            android:launchMode="singleTop"
41-->[com.tbruyelle.rxpermissions:rxpermissions:0.7.0] AndroidManifest.xml:13:13-43
42            android:theme="@android:style/Theme.Translucent.NoTitleBar" />
42-->[com.tbruyelle.rxpermissions:rxpermissions:0.7.0] AndroidManifest.xml:14:13-72
43    </application>
44
45</manifest>